# Logfile created on 2014-01-25 09:41:21 +1100 by logger.rb/41954
I, [2014-01-25T09:41:21.584966 #557]  INFO -- : 0:  rake (10.1.0) from /Users/pranavaswaroop/.rvm/gems/ruby-2.0.0-p353/specifications/rake-10.1.0.gemspec
I, [2014-01-25T09:41:21.585270 #557]  INFO -- : 0:  i18n (0.6.9) from /Users/pranavaswaroop/.rvm/gems/ruby-2.0.0-p353@global/specifications/i18n-0.6.9.gemspec
I, [2014-01-25T09:41:21.585461 #557]  INFO -- : 0:  minitest (4.7.5) from /Users/pranavaswaroop/.rvm/gems/ruby-2.0.0-p353/specifications/minitest-4.7.5.gemspec
I, [2014-01-25T09:41:21.585641 #557]  INFO -- : 0:  multi_json (1.8.2) from /Users/pranavaswaroop/.rvm/gems/ruby-2.0.0-p353@global/specifications/multi_json-1.8.2.gemspec
I, [2014-01-25T09:41:21.585812 #557]  INFO -- : 0:  atomic (1.1.14) from /Users/pranavaswaroop/.rvm/gems/ruby-2.0.0-p353@global/specifications/atomic-1.1.14.gemspec
I, [2014-01-25T09:41:21.585984 #557]  INFO -- : 0:  thread_safe (0.1.3) from /Users/pranavaswaroop/.rvm/gems/ruby-2.0.0-p353@global/specifications/thread_safe-0.1.3.gemspec
I, [2014-01-25T09:41:21.586195 #557]  INFO -- : 0:  tzinfo (0.3.38) from /Users/pranavaswaroop/.rvm/gems/ruby-2.0.0-p353@global/specifications/tzinfo-0.3.38.gemspec
I, [2014-01-25T09:41:21.586396 #557]  INFO -- : 0:  activesupport (4.0.0) from /Users/pranavaswaroop/.rvm/gems/ruby-2.0.0-p353/specifications/activesupport-4.0.0.gemspec
I, [2014-01-25T09:41:21.586597 #557]  INFO -- : 0:  builder (3.1.4) from /Users/pranavaswaroop/.rvm/gems/ruby-2.0.0-p353@global/specifications/builder-3.1.4.gemspec
I, [2014-01-25T09:41:21.586794 #557]  INFO -- : 0:  erubis (2.7.0) from /Users/pranavaswaroop/.rvm/gems/ruby-2.0.0-p353@global/specifications/erubis-2.7.0.gemspec
I, [2014-01-25T09:41:21.586991 #557]  INFO -- : 0:  rack (1.5.2) from /Users/pranavaswaroop/.rvm/gems/ruby-2.0.0-p353@global/specifications/rack-1.5.2.gemspec
I, [2014-01-25T09:41:21.587188 #557]  INFO -- : 0:  rack-test (0.6.2) from /Users/pranavaswaroop/.rvm/gems/ruby-2.0.0-p353@global/specifications/rack-test-0.6.2.gemspec
I, [2014-01-25T09:41:21.587387 #557]  INFO -- : 0:  actionpack (4.0.0) from /Users/pranavaswaroop/.rvm/gems/ruby-2.0.0-p353/specifications/actionpack-4.0.0.gemspec
I, [2014-01-25T09:41:21.587584 #557]  INFO -- : 0:  mime-types (1.25.1) from /Users/pranavaswaroop/.rvm/gems/ruby-2.0.0-p353@global/specifications/mime-types-1.25.1.gemspec
I, [2014-01-25T09:41:21.587780 #557]  INFO -- : 0:  polyglot (0.3.3) from /Users/pranavaswaroop/.rvm/gems/ruby-2.0.0-p353@global/specifications/polyglot-0.3.3.gemspec
I, [2014-01-25T09:41:21.587976 #557]  INFO -- : 0:  treetop (1.4.15) from /Users/pranavaswaroop/.rvm/gems/ruby-2.0.0-p353@global/specifications/treetop-1.4.15.gemspec
I, [2014-01-25T09:41:21.588171 #557]  INFO -- : 0:  mail (2.5.4) from /Users/pranavaswaroop/.rvm/gems/ruby-2.0.0-p353@global/specifications/mail-2.5.4.gemspec
I, [2014-01-25T09:41:21.588370 #557]  INFO -- : 0:  actionmailer (4.0.0) from /Users/pranavaswaroop/.rvm/gems/ruby-2.0.0-p353/specifications/actionmailer-4.0.0.gemspec
I, [2014-01-25T09:41:21.588568 #557]  INFO -- : 0:  activemodel (4.0.0) from /Users/pranavaswaroop/.rvm/gems/ruby-2.0.0-p353/specifications/activemodel-4.0.0.gemspec
I, [2014-01-25T09:41:21.588765 #557]  INFO -- : 0:  activerecord-deprecated_finders (1.0.3) from /Users/pranavaswaroop/.rvm/gems/ruby-2.0.0-p353@global/specifications/activerecord-deprecated_finders-1.0.3.gemspec
I, [2014-01-25T09:41:21.588959 #557]  INFO -- : 0:  arel (4.0.1) from /Users/pranavaswaroop/.rvm/gems/ruby-2.0.0-p353@global/specifications/arel-4.0.1.gemspec
I, [2014-01-25T09:41:21.589156 #557]  INFO -- : 0:  activerecord (4.0.0) from /Users/pranavaswaroop/.rvm/gems/ruby-2.0.0-p353/specifications/activerecord-4.0.0.gemspec
I, [2014-01-25T09:41:21.589349 #557]  INFO -- : 0:  mini_portile (0.5.2) from /Users/pranavaswaroop/.rvm/gems/ruby-2.0.0-p353/specifications/mini_portile-0.5.2.gemspec
I, [2014-01-25T09:42:26.022374 #557]  INFO -- : 0:  nokogiri (1.6.0) from /Users/pranavaswaroop/.rvm/gems/ruby-2.0.0-p353/specifications/nokogiri-1.6.0.gemspec
I, [2014-01-25T09:42:26.022845 #557]  INFO -- : 0:  xpath (2.0.0) from /Users/pranavaswaroop/.rvm/gems/ruby-2.0.0-p353/specifications/xpath-2.0.0.gemspec
I, [2014-01-25T09:42:26.023148 #557]  INFO -- : 0:  capybara (2.1.0) from /Users/pranavaswaroop/.rvm/gems/ruby-2.0.0-p353/specifications/capybara-2.1.0.gemspec
I, [2014-01-25T09:42:26.023380 #557]  INFO -- : 0:  coffee-script-source (1.6.3) from /Users/pranavaswaroop/.rvm/gems/ruby-2.0.0-p353/specifications/coffee-script-source-1.6.3.gemspec
I, [2014-01-25T09:42:26.023612 #557]  INFO -- : 0:  execjs (2.0.2) from /Users/pranavaswaroop/.rvm/gems/ruby-2.0.0-p353/specifications/execjs-2.0.2.gemspec
I, [2014-01-25T09:42:26.023828 #557]  INFO -- : 0:  coffee-script (2.2.0) from /Users/pranavaswaroop/.rvm/gems/ruby-2.0.0-p353/specifications/coffee-script-2.2.0.gemspec
I, [2014-01-25T09:42:26.024040 #557]  INFO -- : 0:  thor (0.18.1) from /Users/pranavaswaroop/.rvm/gems/ruby-2.0.0-p353@global/specifications/thor-0.18.1.gemspec
I, [2014-01-25T09:42:26.024254 #557]  INFO -- : 0:  railties (4.0.0) from /Users/pranavaswaroop/.rvm/gems/ruby-2.0.0-p353/specifications/railties-4.0.0.gemspec
I, [2014-01-25T09:42:26.024475 #557]  INFO -- : 0:  coffee-rails (4.0.1) from /Users/pranavaswaroop/.rvm/gems/ruby-2.0.0-p353/specifications/coffee-rails-4.0.1.gemspec
I, [2014-01-25T09:42:26.024697 #557]  INFO -- : 0:  diff-lcs (1.2.5) from /Users/pranavaswaroop/.rvm/gems/ruby-2.0.0-p353/specifications/diff-lcs-1.2.5.gemspec
I, [2014-01-25T09:42:26.024907 #557]  INFO -- : 0:  hike (1.2.3) from /Users/pranavaswaroop/.rvm/gems/ruby-2.0.0-p353@global/specifications/hike-1.2.3.gemspec
I, [2014-01-25T09:42:26.025126 #557]  INFO -- : 0:  jbuilder (1.5.3) from /Users/pranavaswaroop/.rvm/gems/ruby-2.0.0-p353/specifications/jbuilder-1.5.3.gemspec
I, [2014-01-25T09:42:26.025333 #557]  INFO -- : 0:  jquery-rails (3.0.4) from /Users/pranavaswaroop/.rvm/gems/ruby-2.0.0-p353/specifications/jquery-rails-3.0.4.gemspec
I, [2014-01-25T09:42:26.025584 #557]  INFO -- : 0:  json (1.8.1) from /Users/pranavaswaroop/.rvm/gems/ruby-2.0.0-p353/specifications/json-1.8.1.gemspec
I, [2014-01-25T09:42:26.025775 #557]  INFO -- : 0:  bundler (1.5.1) from /Users/pranavaswaroop/.rvm/gems/ruby-2.0.0-p353@global/specifications/bundler-1.5.1.gemspec
I, [2014-01-25T09:42:26.025982 #557]  INFO -- : 0:  tilt (1.4.1) from /Users/pranavaswaroop/.rvm/gems/ruby-2.0.0-p353@global/specifications/tilt-1.4.1.gemspec
I, [2014-01-25T09:42:26.026194 #557]  INFO -- : 0:  sprockets (2.10.1) from /Users/pranavaswaroop/.rvm/gems/ruby-2.0.0-p353@global/specifications/sprockets-2.10.1.gemspec
I, [2014-01-25T09:42:26.026399 #557]  INFO -- : 0:  sprockets-rails (2.0.1) from /Users/pranavaswaroop/.rvm/gems/ruby-2.0.0-p353@global/specifications/sprockets-rails-2.0.1.gemspec
I, [2014-01-25T09:42:26.026613 #557]  INFO -- : 0:  rails (4.0.0) from /Users/pranavaswaroop/.rvm/gems/ruby-2.0.0-p353/specifications/rails-4.0.0.gemspec
I, [2014-01-25T09:42:26.026824 #557]  INFO -- : 0:  rdoc (3.12.2) from /Users/pranavaswaroop/.rvm/gems/ruby-2.0.0-p353/specifications/rdoc-3.12.2.gemspec
I, [2014-01-25T09:42:26.027034 #557]  INFO -- : 0:  rspec-core (2.13.1) from /Users/pranavaswaroop/.rvm/gems/ruby-2.0.0-p353/specifications/rspec-core-2.13.1.gemspec
I, [2014-01-25T09:42:26.027240 #557]  INFO -- : 0:  rspec-expectations (2.13.0) from /Users/pranavaswaroop/.rvm/gems/ruby-2.0.0-p353/specifications/rspec-expectations-2.13.0.gemspec
I, [2014-01-25T09:42:26.027443 #557]  INFO -- : 0:  rspec-mocks (2.13.1) from /Users/pranavaswaroop/.rvm/gems/ruby-2.0.0-p353/specifications/rspec-mocks-2.13.1.gemspec
I, [2014-01-25T09:42:26.027641 #557]  INFO -- : 0:  rspec-rails (2.13.1) from /Users/pranavaswaroop/.rvm/gems/ruby-2.0.0-p353/specifications/rspec-rails-2.13.1.gemspec
I, [2014-01-25T09:42:26.027846 #557]  INFO -- : 0:  sass (3.2.12) from /Users/pranavaswaroop/.rvm/gems/ruby-2.0.0-p353/specifications/sass-3.2.12.gemspec
I, [2014-01-25T09:42:26.028045 #557]  INFO -- : 0:  sass-rails (4.0.1) from /Users/pranavaswaroop/.rvm/gems/ruby-2.0.0-p353/specifications/sass-rails-4.0.1.gemspec
I, [2014-01-25T09:42:26.028245 #557]  INFO -- : 0:  sdoc (0.3.20) from /Users/pranavaswaroop/.rvm/gems/ruby-2.0.0-p353/specifications/sdoc-0.3.20.gemspec
I, [2014-01-25T09:42:26.028451 #557]  INFO -- : 0:  sqlite3 (1.3.8) from /Users/pranavaswaroop/.rvm/gems/ruby-2.0.0-p353/specifications/sqlite3-1.3.8.gemspec
I, [2014-01-25T09:42:26.028656 #557]  INFO -- : 0:  turbolinks (2.0.0) from /Users/pranavaswaroop/.rvm/gems/ruby-2.0.0-p353/specifications/turbolinks-2.0.0.gemspec
I, [2014-01-25T09:42:27.544110 #557]  INFO -- : 0:  uglifier (2.3.2) from /Users/pranavaswaroop/.rvm/gems/ruby-2.0.0-p353/specifications/uglifier-2.3.2.gemspec
I, [2014-01-25T14:02:01.263784 #17860]  INFO -- : 0:  rake (10.1.0) from /Users/pranavaswaroop/.rvm/gems/ruby-2.0.0-p353/specifications/rake-10.1.0.gemspec
I, [2014-01-25T14:02:01.264197 #17860]  INFO -- : 0:  i18n (0.6.9) from /Users/pranavaswaroop/.rvm/gems/ruby-2.0.0-p353@global/specifications/i18n-0.6.9.gemspec
I, [2014-01-25T14:02:01.264484 #17860]  INFO -- : 0:  minitest (4.7.5) from /Users/pranavaswaroop/.rvm/gems/ruby-2.0.0-p353/specifications/minitest-4.7.5.gemspec
I, [2014-01-25T14:02:01.264742 #17860]  INFO -- : 0:  multi_json (1.8.2) from /Users/pranavaswaroop/.rvm/gems/ruby-2.0.0-p353@global/specifications/multi_json-1.8.2.gemspec
I, [2014-01-25T14:02:01.264992 #17860]  INFO -- : 0:  atomic (1.1.14) from /Users/pranavaswaroop/.rvm/gems/ruby-2.0.0-p353@global/specifications/atomic-1.1.14.gemspec
I, [2014-01-25T14:02:01.265200 #17860]  INFO -- : 0:  thread_safe (0.1.3) from /Users/pranavaswaroop/.rvm/gems/ruby-2.0.0-p353@global/specifications/thread_safe-0.1.3.gemspec
I, [2014-01-25T14:02:01.265418 #17860]  INFO -- : 0:  tzinfo (0.3.38) from /Users/pranavaswaroop/.rvm/gems/ruby-2.0.0-p353@global/specifications/tzinfo-0.3.38.gemspec
I, [2014-01-25T14:02:01.265639 #17860]  INFO -- : 0:  activesupport (4.0.0) from /Users/pranavaswaroop/.rvm/gems/ruby-2.0.0-p353/specifications/activesupport-4.0.0.gemspec
I, [2014-01-25T14:02:01.265858 #17860]  INFO -- : 0:  builder (3.1.4) from /Users/pranavaswaroop/.rvm/gems/ruby-2.0.0-p353@global/specifications/builder-3.1.4.gemspec
I, [2014-01-25T14:02:01.266131 #17860]  INFO -- : 0:  erubis (2.7.0) from /Users/pranavaswaroop/.rvm/gems/ruby-2.0.0-p353@global/specifications/erubis-2.7.0.gemspec
I, [2014-01-25T14:02:01.266427 #17860]  INFO -- : 0:  rack (1.5.2) from /Users/pranavaswaroop/.rvm/gems/ruby-2.0.0-p353@global/specifications/rack-1.5.2.gemspec
I, [2014-01-25T14:02:01.266630 #17860]  INFO -- : 0:  rack-test (0.6.2) from /Users/pranavaswaroop/.rvm/gems/ruby-2.0.0-p353@global/specifications/rack-test-0.6.2.gemspec
I, [2014-01-25T14:02:01.266848 #17860]  INFO -- : 0:  actionpack (4.0.0) from /Users/pranavaswaroop/.rvm/gems/ruby-2.0.0-p353/specifications/actionpack-4.0.0.gemspec
I, [2014-01-25T14:02:01.267060 #17860]  INFO -- : 0:  mime-types (1.25.1) from /Users/pranavaswaroop/.rvm/gems/ruby-2.0.0-p353@global/specifications/mime-types-1.25.1.gemspec
I, [2014-01-25T14:02:01.267305 #17860]  INFO -- : 0:  polyglot (0.3.3) from /Users/pranavaswaroop/.rvm/gems/ruby-2.0.0-p353@global/specifications/polyglot-0.3.3.gemspec
I, [2014-01-25T14:02:01.267512 #17860]  INFO -- : 0:  treetop (1.4.15) from /Users/pranavaswaroop/.rvm/gems/ruby-2.0.0-p353@global/specifications/treetop-1.4.15.gemspec
I, [2014-01-25T14:02:01.267718 #17860]  INFO -- : 0:  mail (2.5.4) from /Users/pranavaswaroop/.rvm/gems/ruby-2.0.0-p353@global/specifications/mail-2.5.4.gemspec
I, [2014-01-25T14:02:01.267918 #17860]  INFO -- : 0:  actionmailer (4.0.0) from /Users/pranavaswaroop/.rvm/gems/ruby-2.0.0-p353/specifications/actionmailer-4.0.0.gemspec
I, [2014-01-25T14:02:01.268127 #17860]  INFO -- : 0:  activemodel (4.0.0) from /Users/pranavaswaroop/.rvm/gems/ruby-2.0.0-p353/specifications/activemodel-4.0.0.gemspec
I, [2014-01-25T14:02:01.268338 #17860]  INFO -- : 0:  activerecord-deprecated_finders (1.0.3) from /Users/pranavaswaroop/.rvm/gems/ruby-2.0.0-p353@global/specifications/activerecord-deprecated_finders-1.0.3.gemspec
I, [2014-01-25T14:02:01.268541 #17860]  INFO -- : 0:  arel (4.0.1) from /Users/pranavaswaroop/.rvm/gems/ruby-2.0.0-p353@global/specifications/arel-4.0.1.gemspec
I, [2014-01-25T14:02:01.268767 #17860]  INFO -- : 0:  activerecord (4.0.0) from /Users/pranavaswaroop/.rvm/gems/ruby-2.0.0-p353/specifications/activerecord-4.0.0.gemspec
I, [2014-01-25T14:02:01.268958 #17860]  INFO -- : 0:  mini_portile (0.5.2) from /Users/pranavaswaroop/.rvm/gems/ruby-2.0.0-p353/specifications/mini_portile-0.5.2.gemspec
I, [2014-01-25T14:02:01.269163 #17860]  INFO -- : 0:  nokogiri (1.6.0) from /Users/pranavaswaroop/.rvm/gems/ruby-2.0.0-p353/specifications/nokogiri-1.6.0.gemspec
I, [2014-01-25T14:02:01.269419 #17860]  INFO -- : 0:  xpath (2.0.0) from /Users/pranavaswaroop/.rvm/gems/ruby-2.0.0-p353/specifications/xpath-2.0.0.gemspec
I, [2014-01-25T14:02:01.269622 #17860]  INFO -- : 0:  capybara (2.1.0) from /Users/pranavaswaroop/.rvm/gems/ruby-2.0.0-p353/specifications/capybara-2.1.0.gemspec
I, [2014-01-25T14:02:01.269828 #17860]  INFO -- : 0:  coffee-script-source (1.6.3) from /Users/pranavaswaroop/.rvm/gems/ruby-2.0.0-p353/specifications/coffee-script-source-1.6.3.gemspec
I, [2014-01-25T14:02:01.270030 #17860]  INFO -- : 0:  execjs (2.0.2) from /Users/pranavaswaroop/.rvm/gems/ruby-2.0.0-p353/specifications/execjs-2.0.2.gemspec
I, [2014-01-25T14:02:01.270221 #17860]  INFO -- : 0:  coffee-script (2.2.0) from /Users/pranavaswaroop/.rvm/gems/ruby-2.0.0-p353/specifications/coffee-script-2.2.0.gemspec
I, [2014-01-25T14:02:01.270421 #17860]  INFO -- : 0:  thor (0.18.1) from /Users/pranavaswaroop/.rvm/gems/ruby-2.0.0-p353@global/specifications/thor-0.18.1.gemspec
I, [2014-01-25T14:02:01.270668 #17860]  INFO -- : 0:  railties (4.0.0) from /Users/pranavaswaroop/.rvm/gems/ruby-2.0.0-p353/specifications/railties-4.0.0.gemspec
I, [2014-01-25T14:02:01.270863 #17860]  INFO -- : 0:  coffee-rails (4.0.1) from /Users/pranavaswaroop/.rvm/gems/ruby-2.0.0-p353/specifications/coffee-rails-4.0.1.gemspec
I, [2014-01-25T14:02:01.271046 #17860]  INFO -- : 0:  diff-lcs (1.2.5) from /Users/pranavaswaroop/.rvm/gems/ruby-2.0.0-p353/specifications/diff-lcs-1.2.5.gemspec
I, [2014-01-25T14:02:01.271228 #17860]  INFO -- : 0:  hike (1.2.3) from /Users/pranavaswaroop/.rvm/gems/ruby-2.0.0-p353@global/specifications/hike-1.2.3.gemspec
I, [2014-01-25T14:02:01.271400 #17860]  INFO -- : 0:  jbuilder (1.5.3) from /Users/pranavaswaroop/.rvm/gems/ruby-2.0.0-p353/specifications/jbuilder-1.5.3.gemspec
I, [2014-01-25T14:02:01.271578 #17860]  INFO -- : 0:  jquery-rails (3.0.4) from /Users/pranavaswaroop/.rvm/gems/ruby-2.0.0-p353/specifications/jquery-rails-3.0.4.gemspec
I, [2014-01-25T14:02:01.271761 #17860]  INFO -- : 0:  json (1.8.1) from /Users/pranavaswaroop/.rvm/gems/ruby-2.0.0-p353/specifications/json-1.8.1.gemspec
I, [2014-01-25T14:02:01.271927 #17860]  INFO -- : 0:  bundler (1.5.1) from /Users/pranavaswaroop/.rvm/gems/ruby-2.0.0-p353@global/specifications/bundler-1.5.1.gemspec
I, [2014-01-25T14:02:01.272106 #17860]  INFO -- : 0:  tilt (1.4.1) from /Users/pranavaswaroop/.rvm/gems/ruby-2.0.0-p353@global/specifications/tilt-1.4.1.gemspec
I, [2014-01-25T14:02:01.272331 #17860]  INFO -- : 0:  sprockets (2.10.1) from /Users/pranavaswaroop/.rvm/gems/ruby-2.0.0-p353@global/specifications/sprockets-2.10.1.gemspec
I, [2014-01-25T14:02:01.272537 #17860]  INFO -- : 0:  sprockets-rails (2.0.1) from /Users/pranavaswaroop/.rvm/gems/ruby-2.0.0-p353@global/specifications/sprockets-rails-2.0.1.gemspec
I, [2014-01-25T14:02:01.272735 #17860]  INFO -- : 0:  rails (4.0.0) from /Users/pranavaswaroop/.rvm/gems/ruby-2.0.0-p353/specifications/rails-4.0.0.gemspec
I, [2014-01-25T14:02:01.272928 #17860]  INFO -- : 0:  rdoc (3.12.2) from /Users/pranavaswaroop/.rvm/gems/ruby-2.0.0-p353/specifications/rdoc-3.12.2.gemspec
I, [2014-01-25T14:02:01.273118 #17860]  INFO -- : 0:  rspec-core (2.13.1) from /Users/pranavaswaroop/.rvm/gems/ruby-2.0.0-p353/specifications/rspec-core-2.13.1.gemspec
I, [2014-01-25T14:02:01.273304 #17860]  INFO -- : 0:  rspec-expectations (2.13.0) from /Users/pranavaswaroop/.rvm/gems/ruby-2.0.0-p353/specifications/rspec-expectations-2.13.0.gemspec
I, [2014-01-25T14:02:01.273477 #17860]  INFO -- : 0:  rspec-mocks (2.13.1) from /Users/pranavaswaroop/.rvm/gems/ruby-2.0.0-p353/specifications/rspec-mocks-2.13.1.gemspec
I, [2014-01-25T14:02:01.273669 #17860]  INFO -- : 0:  rspec-rails (2.13.1) from /Users/pranavaswaroop/.rvm/gems/ruby-2.0.0-p353/specifications/rspec-rails-2.13.1.gemspec
I, [2014-01-25T14:02:01.273856 #17860]  INFO -- : 0:  sass (3.2.12) from /Users/pranavaswaroop/.rvm/gems/ruby-2.0.0-p353/specifications/sass-3.2.12.gemspec
I, [2014-01-25T14:02:01.274038 #17860]  INFO -- : 0:  sass-rails (4.0.1) from /Users/pranavaswaroop/.rvm/gems/ruby-2.0.0-p353/specifications/sass-rails-4.0.1.gemspec
I, [2014-01-25T14:02:01.274223 #17860]  INFO -- : 0:  sdoc (0.3.20) from /Users/pranavaswaroop/.rvm/gems/ruby-2.0.0-p353/specifications/sdoc-0.3.20.gemspec
I, [2014-01-25T14:02:01.274403 #17860]  INFO -- : 0:  sqlite3 (1.3.8) from /Users/pranavaswaroop/.rvm/gems/ruby-2.0.0-p353/specifications/sqlite3-1.3.8.gemspec
I, [2014-01-25T14:02:01.274577 #17860]  INFO -- : 0:  turbolinks (2.0.0) from /Users/pranavaswaroop/.rvm/gems/ruby-2.0.0-p353/specifications/turbolinks-2.0.0.gemspec
I, [2014-01-25T14:02:01.274810 #17860]  INFO -- : 0:  uglifier (2.3.2) from /Users/pranavaswaroop/.rvm/gems/ruby-2.0.0-p353/specifications/uglifier-2.3.2.gemspec
